<?xml version="1.0" encoding="UTF-8"?>
<!-- Generated by org.testng.reporters.JUnitXMLReporter -->
<testsuite ignored="0" hostname="RAHUL-JAIN" failures="1" tests="4" name="PetTests" time="7.985" errors="0" timestamp="2025-04-16T10:32:57 IST">
  <testcase classname="api.test.UserTests2" name="testPostUser" time="2.873"/>
  <testcase classname="api.test.UserTests2" name="testGetUserByName" time="1.065">
    <failure type="java.lang.AssertionError" message="expected [200] but found [404]">
      <![CDATA[java.lang.AssertionError: expected [200] but found [404]
at api.test.UserTests2.testGetUserByName(UserTests2.java:64)
at java.base/java.util.ArrayList.forEach(ArrayList.java:1597)
... Removed 35 stack frames]]>
    </failure>
  </testcase> <!-- testGetUserByName -->
  <testcase classname="api.test.UserTests2" name="testUpdateUserByName" time="1.881"/>
  <testcase classname="api.test.UserTests2" name="testDeleteUserByName" time="1.032"/>
</testsuite> <!-- PetTests -->
